TN:
SF:src\calculator\actions\calculate.action.ts
FN:6,(anonymous_0)
FNF:1
FNH:1
FNDA:11,(anonymous_0)
DA:6,1
DA:8,11
DA:10,11
DA:12,5
LF:4
LH:4
BRF:0
BRH:0
end_of_record
TN:
SF:src\calculator\api\calculator.api.ts
FNF:0
FNH:0
DA:3,0
DA:5,0
LF:2
LH:0
BRF:0
BRH:0
end_of_record
TN:
SF:src\calculator\constants\error-messages.ts
FNF:0
FNH:0
DA:1,1
DA:15,1
DA:17,1
LF:3
LH:3
BRF:0
BRH:0
end_of_record
TN:
SF:src\calculator\constants\operations.ts
FN:14,(anonymous_0)
FN:15,(anonymous_1)
FN:17,(anonymous_2)
FNF:3
FNH:3
FNDA:249,(anonymous_0)
FNDA:685,(anonymous_1)
FNDA:83,(anonymous_2)
DA:1,2
DA:14,2
DA:15,685
DA:17,83
LF:4
LH:4
BRF:0
BRH:0
end_of_record
TN:
SF:src\calculator\hooks\useCalculate.tsx
FN:13,(anonymous_0)
FN:24,(anonymous_1)
FN:27,(anonymous_2)
FN:30,(anonymous_3)
FNF:4
FNH:4
FNDA:6,(anonymous_0)
FNDA:67,(anonymous_1)
FNDA:11,(anonymous_2)
FNDA:6,(anonymous_3)
DA:13,1
DA:15,6
DA:17,5
DA:19,4
DA:21,6
DA:24,1
DA:26,67
DA:28,11
DA:31,6
LF:9
LH:9
BRDA:15,0,0,1
BRDA:15,0,1,5
BRDA:17,1,0,1
BRDA:17,1,1,4
BRDA:21,2,0,6
BRDA:21,2,1,1
BRF:6
BRH:6
end_of_record
TN:
SF:src\calculator\pages\CalculatorPage.tsx
FN:16,(anonymous_0)
FN:29,(anonymous_1)
FN:50,(anonymous_2)
FN:97,(anonymous_3)
FN:101,(anonymous_4)
FN:111,(anonymous_5)
FN:116,(anonymous_6)
FNF:7
FNH:7
FNDA:166,(anonymous_0)
FNDA:67,(anonymous_1)
FNDA:11,(anonymous_2)
FNDA:56,(anonymous_3)
FNDA:5,(anonymous_4)
FNDA:66,(anonymous_5)
FNDA:392,(anonymous_6)
DA:13,1
DA:16,1
DA:18,166
DA:20,166
DA:29,1
DA:31,67
DA:39,67
DA:41,67
DA:42,67
DA:44,67
DA:46,67
DA:50,67
DA:51,11
DA:59,67
DA:98,56
DA:102,5
DA:104,5
DA:105,2
DA:111,66
DA:117,392
LF:20
LH:20
BRDA:44,0,0,10
BRDA:44,0,1,57
BRDA:46,1,0,2
BRDA:46,1,1,65
BRDA:53,2,0,1
BRDA:53,2,1,10
BRDA:82,3,0,67
BRDA:82,3,1,1
BRDA:104,4,0,2
BRDA:104,4,1,3
BRDA:104,5,0,5
BRDA:104,5,1,5
BRDA:127,6,0,56
BRDA:127,6,1,0
BRDA:137,7,0,67
BRDA:137,7,1,61
BRDA:152,8,0,61
BRDA:152,8,1,2
BRF:18
BRH:17
end_of_record
TN:
SF:src\calculator\schemas\calculation.schema.ts
FN:5,(anonymous_0)
FNF:1
FNH:1
FNDA:14,(anonymous_0)
DA:5,14
DA:7,2
LF:2
LH:2
BRF:0
BRH:0
end_of_record
TN:
SF:src\calculator\utils\format-result.ts
FN:15,(anonymous_0)
FNF:1
FNH:1
FNDA:33,(anonymous_0)
DA:1,2
DA:3,2
DA:4,2
DA:6,2
DA:10,2
DA:15,2
DA:17,33
DA:20,33
DA:23,33
LF:9
LH:9
BRDA:20,0,0,33
BRDA:20,0,1,31
BRDA:20,0,2,29
BRDA:23,1,0,6
BRDA:23,1,1,27
BRF:5
BRH:5
end_of_record
