TN:
SF:src\calculator\actions\calculate.action.ts
FN:6,(anonymous_0)
FNF:1
FNH:1
FNDA:12,(anonymous_0)
DA:6,1
DA:8,12
DA:10,12
DA:12,6
LF:4
LH:4
BRF:0
BRH:0
end_of_record
TN:
SF:src\calculator\api\calculator.api.ts
FNF:0
FNH:0
DA:3,0
DA:5,0
LF:2
LH:0
BRF:0
BRH:0
end_of_record
TN:
SF:src\calculator\constants\error-messages.ts
FNF:0
FNH:0
DA:1,1
DA:15,1
DA:17,1
LF:3
LH:3
BRF:0
BRH:0
end_of_record
TN:
SF:src\calculator\constants\operations.ts
FN:14,(anonymous_0)
FN:15,(anonymous_1)
FN:17,(anonymous_2)
FNF:3
FNH:3
FNDA:259,(anonymous_0)
FNDA:695,(anonymous_1)
FNDA:89,(anonymous_2)
DA:1,2
DA:14,2
DA:15,695
DA:17,89
LF:4
LH:4
BRF:0
BRH:0
end_of_record
TN:
SF:src\calculator\hooks\useCalculate.tsx
FN:13,(anonymous_0)
FN:24,(anonymous_1)
FN:27,(anonymous_2)
FN:30,(anonymous_3)
FNF:4
FNH:4
FNDA:6,(anonymous_0)
FNDA:72,(anonymous_1)
FNDA:12,(anonymous_2)
FNDA:6,(anonymous_3)
DA:13,1
DA:15,6
DA:17,5
DA:19,4
DA:21,6
DA:24,1
DA:26,72
DA:28,12
DA:31,6
LF:9
LH:9
BRDA:15,0,0,1
BRDA:15,0,1,5
BRDA:17,1,0,1
BRDA:17,1,1,4
BRDA:21,2,0,6
BRDA:21,2,1,1
BRF:6
BRH:6
end_of_record
TN:
SF:src\calculator\pages\CalculatorPage.tsx
FN:16,(anonymous_0)
FN:29,(anonymous_1)
FN:50,(anonymous_2)
FN:97,(anonymous_3)
FN:101,(anonymous_4)
FN:111,(anonymous_5)
FN:116,(anonymous_6)
FNF:7
FNH:7
FNDA:170,(anonymous_0)
FNDA:72,(anonymous_1)
FNDA:12,(anonymous_2)
FNDA:60,(anonymous_3)
FNDA:5,(anonymous_4)
FNDA:70,(anonymous_5)
FNDA:420,(anonymous_6)
DA:13,1
DA:16,1
DA:18,170
DA:20,170
DA:29,1
DA:31,72
DA:39,72
DA:41,72
DA:42,72
DA:44,72
DA:46,72
DA:50,72
DA:51,12
DA:59,72
DA:98,60
DA:102,5
DA:104,5
DA:105,2
DA:111,70
DA:117,420
LF:20
LH:20
BRDA:44,0,0,11
BRDA:44,0,1,61
BRDA:46,1,0,2
BRDA:46,1,1,70
BRDA:53,2,0,1
BRDA:53,2,1,11
BRDA:82,3,0,72
BRDA:82,3,1,1
BRDA:104,4,0,2
BRDA:104,4,1,3
BRDA:104,5,0,5
BRDA:104,5,1,5
BRDA:127,6,0,60
BRDA:127,6,1,0
BRDA:137,7,0,72
BRDA:137,7,1,66
BRDA:152,8,0,66
BRDA:152,8,1,2
BRDA:166,9,0,2
BRDA:166,9,1,70
BRF:20
BRH:19
end_of_record
TN:
SF:src\calculator\schemas\calculation.schema.ts
FN:5,(anonymous_0)
FNF:1
FNH:1
FNDA:14,(anonymous_0)
DA:5,14
DA:7,2
LF:2
LH:2
BRF:0
BRH:0
end_of_record
TN:
SF:src\calculator\utils\format-result.ts
FN:15,(anonymous_0)
FNF:1
FNH:1
FNDA:34,(anonymous_0)
DA:1,2
DA:3,2
DA:4,2
DA:6,2
DA:10,2
DA:15,2
DA:17,34
DA:20,34
DA:23,34
LF:9
LH:9
BRDA:20,0,0,34
BRDA:20,0,1,32
BRDA:20,0,2,30
BRDA:23,1,0,6
BRDA:23,1,1,28
BRF:5
BRH:5
end_of_record
